<?xml version="1.0" encoding="UTF-8"?>
<!-- Generated by org.testng.reporters.JUnitReportReporter -->
<testsuite hostname="HaierS378S" failures="0" tests="1" name="MT.searchapartment.SearchApartmentTest" time="37.974" errors="0" timestamp="2024-07-10T16:06:41 IST" skipped="0">
  <testcase classname="MT.searchapartment.SearchApartmentTest" name="checkIsredirectToListing" time="37.974"/>
  <system-out/>
</testsuite> <!-- MT.searchapartment.SearchApartmentTest -->
